Arguments: 
  /usr/local/Cellar/node/9.3.0_1/bin/node /usr/local/Cellar/yarn/1.3.2/libexec/bin/yarn.js install

PATH: 
  /Users/hieunguyen/.npm-global/bin:/Users/hieunguyen/npm/bin:/usr/local/bin:/Users/hieunguyen/.node_modules_global/bin:./node_modules/.bin:/Users/hieunguyen/npm/lib/node_modules/bower/bin/bower:/usr/local/git/bin:/usr/local/bin:/usr/bin:/usr/local/sbin:/Users/hieunguyen/.node/lib/node_modules/bower/bin:/usr/local/mysql/bin:/usr/local/sbin:/Users/hieunguyen/node_modules/grunt-cli/bin:/usr/local/bin:/usr/bin:/bin:/usr/sbin:/sbin:/opt/X11/bin:/Users/hieunguyen/npm/lib/node_modules/less/bin:/usr/local/bin/:/Users/UserName/Library/Android/sdk/tools:/Users/UserName/Library/Android/sdk/platform-tools

Yarn version: 
  1.3.2

Node version: 
  9.2.1

Platform: 
  darwin x64

npm manifest: 
  {
    "name": "@coreui/angular",
    "version": "1.0.1",
    "description": "",
    "author": "",
    "url": "http://coreui.io",
    "copyright": "Copyright 2017 creativeLabs Åukasz Holeczek",
    "license": "MIT",
    "scripts": {
      "ng": "ng",
      "start": "ng serve",
      "build": "ng build",
      "test": "ng test",
      "lint": "ng lint",
      "e2e": "ng e2e"
    },
    "private": true,
    "dependencies": {
      "@angular/animations": "^4.4.6",
      "@angular/cdk": "^2.0.0-beta.8",
      "@angular/common": "^4.4.6",
      "@angular/compiler": "^4.4.6",
      "@angular/core": "^4.4.6",
      "@angular/forms": "^4.4.6",
      "@angular/http": "^4.4.6",
      "@angular/platform-browser": "^4.4.6",
      "@angular/platform-browser-dynamic": "^4.4.6",
      "@angular/router": "^4.4.6",
      "@angular/upgrade": "^4.4.6",
      "@ngui/datetime-picker": "^0.16.2",
      "@ngx-translate/core": "^7.0.0",
      "angular2-csv": "^0.2.5",
      "angular2-datetimepicker": "^1.1.1",
      "chart.js": "2.7.0",
      "core-js": "2.5.1",
      "font-awesome": "^4.7.0",
      "json2typescript": "^1.0.5",
      "lodash": "^4.17.4",
      "moment": "2.18.1",
      "ng2-charts": "1.6.0",
      "ngx-bootstrap": "1.9.3",
      "primeng": "^4.3.0",
      "rxjs": "5.4.3",
      "simple-line-icons": "^2.4.1",
      "ts-helpers": "1.1.2",
      "zone.js": "0.8.17"
    },
    "devDependencies": {
      "@angular/cli": "1.4.2",
      "@angular/compiler-cli": "^4.4.2",
      "@angular/language-service": "^4.2.6",
      "@biesbjerg/ngx-translate-extract": "^2.3.1",
      "@ngx-rocket/scripts": "^1.0.0",
      "@types/jasmine": "2.6.0",
      "@types/node": "8.0.28",
      "codelyzer": "3.2.0",
      "jasmine-core": "2.8.0",
      "jasmine-spec-reporter": "4.2.1",
      "karma": "1.7.1",
      "karma-chrome-launcher": "2.2.0",
      "karma-cli": "1.0.1",
      "karma-coverage-istanbul-reporter": "1.3.0",
      "karma-jasmine": "1.1.0",
      "karma-jasmine-html-reporter": "0.2.2",
      "node-gyp": "^3.6.2",
      "protractor": "5.1.2",
      "sass-loader": "6.0.3",
      "ts-node": "3.3.0",
      "tslint": "5.7.0",
      "typescript": "^2.6.2"
    },
    "engines": {
      "node": ">= 6.9.0",
      "npm": ">= 3.0.0"
    }
  }

yarn manifest: 
  No manifest

Lockfile: 
  No lockfile

Trace: 
  Error: EACCES: permission denied, mkdir '/Users/hieunguyen/Documents/Structis/source_git/angular-cli-4/node_modules/@angular/cli/node_modules/clone-deep'
